[debug] [2021-11-04T09:41:20.580Z] ----------------------------------------------------------------------
[debug] [2021-11-04T09:41:20.583Z] Command:       C:\Program Files\nodejs\node.exe C:\Users\ost004355\AppData\Roaming\npm\node_modules\firebase-tools\lib\bin\firebase.js init
[debug] [2021-11-04T09:41:20.583Z] CLI Version:   9.17.0
[debug] [2021-11-04T09:41:20.583Z] Platform:      win32
[debug] [2021-11-04T09:41:20.583Z] Node Version:  v14.17.0
[debug] [2021-11-04T09:41:20.586Z] Time:          Thu Nov 04 2021 18:41:20 GMT+0900 (日本標準時)
[debug] [2021-11-04T09:41:20.587Z] ----------------------------------------------------------------------
[debug] 
[debug] [2021-11-04T09:41:20.591Z] >>> [apiv2][query] GET https://firebase-public.firebaseio.com/cli.json [none]
[debug] [2021-11-04T09:41:20.631Z] > command requires scopes: ["email","openid","https://www.googleapis.com/auth/cloudplatformprojects.readonly","https://www.googleapis.com/auth/firebase","https://www.googleapis.com/auth/cloud-platform"]
[debug] [2021-11-04T09:41:20.631Z] > authorizing via signed-in user (naiken0202@gmail.com)
[info] 
     ######## #### ########  ######## ########     ###     ######  ########
     ##        ##  ##     ## ##       ##     ##  ##   ##  ##       ##
     ######    ##  ########  ######   ########  #########  ######  ######
     ##        ##  ##    ##  ##       ##     ## ##     ##       ## ##
     ##       #### ##     ## ######## ########  ##     ##  ######  ########

You're about to initialize a Firebase project in this directory:

  C:\Users\ost004355\Sample\Myapp\sample-next-app

[debug] [2021-11-04T09:41:21.460Z] <<< [apiv2][status] GET https://firebase-public.firebaseio.com/cli.json 200
[debug] [2021-11-04T09:41:21.461Z] <<< [apiv2][body] GET https://firebase-public.firebaseio.com/cli.json {"cloudBuildErrorAfter":1594252800000,"cloudBuildWarnAfter":1590019200000,"defaultNode10After":1594252800000,"minVersion":"3.0.5","node8DeploysDisabledAfter":1613390400000,"node8RuntimeDisabledAfter":1615809600000,"node8WarnAfter":1600128000000}
